2023-04-28 02:18:00,994:INFO:configs.middlewares.auth:request received for endpoint /advertisements/
2023-04-28 02:18:05,065:DEBUG:urllib3.connectionpool:Starting new HTTPS connection (1): o4505058180399104.ingest.sentry.io:443
2023-04-28 02:18:05,579:DEBUG:urllib3.connectionpool:https://o4505058180399104.ingest.sentry.io:443 "POST /api/4505058181840896/envelope/ HTTP/1.1" 200 41
2023-04-28 02:18:22,130:INFO:django.utils.autoreload:/media/nelson/Apacer PHD/projects/centro/sistema_egresados/apps/classified_advertisements/api/serializers/advertissement/advertisement_serialziers.py changed, reloading.
2023-04-28 02:18:22,234:DEBUG:urllib3.connectionpool:https://o4505058180399104.ingest.sentry.io:443 "POST /api/4505058181840896/envelope/ HTTP/1.1" 200 2
2023-04-28 02:18:26,085:INFO:configs.middlewares.auth:request received for endpoint /advertisements/
2023-04-28 02:18:28,582:DEBUG:urllib3.connectionpool:Starting new HTTPS connection (1): o4505058180399104.ingest.sentry.io:443
2023-04-28 02:18:29,035:DEBUG:urllib3.connectionpool:https://o4505058180399104.ingest.sentry.io:443 "POST /api/4505058181840896/envelope/ HTTP/1.1" 200 41
2023-04-28 02:18:52,572:INFO:django.utils.autoreload:/media/nelson/Apacer PHD/projects/centro/sistema_egresados/apps/classified_advertisements/api/views/advertisement/views.py changed, reloading.
2023-04-28 02:18:52,697:DEBUG:urllib3.connectionpool:https://o4505058180399104.ingest.sentry.io:443 "POST /api/4505058181840896/envelope/ HTTP/1.1" 200 2
2023-04-28 02:18:56,633:INFO:configs.middlewares.auth:request received for endpoint /advertisements/
2023-04-28 02:18:58,579:DEBUG:urllib3.connectionpool:Starting new HTTPS connection (1): o4505058180399104.ingest.sentry.io:443
2023-04-28 02:18:58,987:DEBUG:urllib3.connectionpool:https://o4505058180399104.ingest.sentry.io:443 "POST /api/4505058181840896/envelope/ HTTP/1.1" 200 41
2023-04-28 02:19:05,597:INFO:django.utils.autoreload:/media/nelson/Apacer PHD/projects/centro/sistema_egresados/apps/classified_advertisements/api/views/advertisement/views.py changed, reloading.
2023-04-28 02:19:05,711:DEBUG:urllib3.connectionpool:https://o4505058180399104.ingest.sentry.io:443 "POST /api/4505058181840896/envelope/ HTTP/1.1" 200 2
2023-04-28 02:19:15,109:INFO:django.utils.autoreload:/media/nelson/Apacer PHD/projects/centro/sistema_egresados/apps/classified_advertisements/api/views/advertisement/views.py changed, reloading.
2023-04-28 02:19:19,004:INFO:configs.middlewares.auth:request received for endpoint /advertisements/
2023-04-28 02:19:21,626:DEBUG:urllib3.connectionpool:Starting new HTTPS connection (1): o4505058180399104.ingest.sentry.io:443
2023-04-28 02:19:22,069:DEBUG:urllib3.connectionpool:https://o4505058180399104.ingest.sentry.io:443 "POST /api/4505058181840896/envelope/ HTTP/1.1" 200 41
2023-04-28 02:20:21,795:DEBUG:urllib3.connectionpool:https://o4505058180399104.ingest.sentry.io:443 "POST /api/4505058181840896/envelope/ HTTP/1.1" 200 2
2023-04-28 13:25:21,448:INFO:django.utils.autoreload:/media/nelson/Apacer PHD/projects/centro/sistema_egresados/apps/classified_advertisements/api/views/advertisement/views.py changed, reloading.
2023-04-28 13:25:56,826:INFO:django.utils.autoreload:/media/nelson/Apacer PHD/projects/centro/sistema_egresados/apps/classified_advertisements/api/serializers/advertissement/advertisement_serialziers.py changed, reloading.
2023-04-28 13:27:17,165:INFO:django.utils.autoreload:/media/nelson/Apacer PHD/projects/centro/sistema_egresados/apps/classified_advertisements/api/serializers/advertissement/advertisement_serialziers.py changed, reloading.
2023-04-28 13:27:33,662:DEBUG:urllib3.connectionpool:Starting new HTTPS connection (1): o4505058180399104.ingest.sentry.io:443
2023-04-28 13:27:34,148:DEBUG:urllib3.connectionpool:https://o4505058180399104.ingest.sentry.io:443 "POST /api/4505058181840896/envelope/ HTTP/1.1" 200 41
2023-04-28 13:27:38,527:INFO:configs.middlewares.auth:request received for endpoint /advertisements/
2023-04-28 13:27:43,561:DEBUG:urllib3.connectionpool:https://o4505058180399104.ingest.sentry.io:443 "POST /api/4505058181840896/envelope/ HTTP/1.1" 200 41
2023-04-28 13:28:33,822:DEBUG:urllib3.connectionpool:https://o4505058180399104.ingest.sentry.io:443 "POST /api/4505058181840896/envelope/ HTTP/1.1" 200 2
2023-04-28 13:34:13,970:INFO:environ.environ:/home/ubuntu/main/egresados_sistemas/configs/.env not found - if you're not configuring your environment separately, check this.
2023-04-28 13:34:13,970:INFO:environ.environ:/home/ubuntu/main/egresados_sistemas/configs/.env not found - if you're not configuring your environment separately, check this.
2023-04-28 13:34:13,971:DEBUG:environ.environ:get 'SECRET_OR_KEY' casted as 'None' with default '<NoValue>'
2023-04-28 13:34:13,971:DEBUG:environ.environ:get 'SECRET_OR_KEY' casted as 'None' with default '<NoValue>'
2023-04-28 13:34:14,039:INFO:configs.middlewares.auth:request received for endpoint /
2023-04-28 13:34:14,039:INFO:configs.middlewares.auth:Response {'ok': False, 'message': 'Unauthorized', 'errors': [{'message': 'Authorization not found, Please send valid token'}], 'path': '', 'method': '', 'next': None, 'previous': None, 'count': None}
2023-04-28 13:34:14,039:WARNING:django.request:Unauthorized: /
2023-04-28 13:34:14,597:INFO:configs.middlewares.auth:request received for endpoint /favicon.ico
2023-04-28 13:34:14,597:INFO:configs.middlewares.auth:Response {'ok': False, 'message': 'Unauthorized', 'errors': [{'message': 'Authorization not found, Please send valid token'}], 'path': '', 'method': '', 'next': None, 'previous': None, 'count': None}
2023-04-28 13:34:14,598:WARNING:django.request:Unauthorized: /favicon.ico
2023-04-28 13:34:24,002:INFO:configs.middlewares.auth:request received for endpoint /advertisements/
2023-04-28 13:34:32,006:INFO:configs.middlewares.auth:request received for endpoint /advertisements/
2023-04-28 13:36:39,774:INFO:configs.middlewares.auth:request received for endpoint /advertisements/
2023-04-28 13:36:48,098:INFO:configs.middlewares.auth:request received for endpoint /
2023-04-28 13:36:48,098:INFO:configs.middlewares.auth:Response {'ok': False, 'message': 'Unauthorized', 'errors': [{'message': 'Authorization not found, Please send valid token'}], 'path': '', 'method': '', 'next': None, 'previous': None, 'count': None}
2023-04-28 13:36:48,099:WARNING:django.request:Unauthorized: /
2023-04-28 13:36:56,315:INFO:configs.middlewares.auth:request received for endpoint /advertisements/
2023-04-28 13:37:13,131:INFO:configs.middlewares.auth:request received for endpoint /advertisements/
2023-04-28 13:38:47,839:INFO:configs.middlewares.auth:request received for endpoint /advertisements/
2023-04-28 13:38:52,097:INFO:configs.middlewares.auth:request received for endpoint /advertisements/
2023-04-28 13:39:42,160:INFO:environ.environ:/home/ubuntu/main/egresados_sistemas/configs/.env not found - if you're not configuring your environment separately, check this.
2023-04-28 13:39:42,162:INFO:environ.environ:/home/ubuntu/main/egresados_sistemas/configs/.env not found - if you're not configuring your environment separately, check this.
2023-04-28 13:39:42,162:DEBUG:environ.environ:get 'SECRET_OR_KEY' casted as 'None' with default '<NoValue>'
2023-04-28 13:39:42,165:DEBUG:environ.environ:get 'SECRET_OR_KEY' casted as 'None' with default '<NoValue>'
2023-04-28 13:39:42,321:INFO:configs.middlewares.auth:request received for endpoint /
2023-04-28 13:39:42,322:INFO:configs.middlewares.auth:Response {'ok': False, 'message': 'Unauthorized', 'errors': [{'message': 'Authorization not found, Please send valid token'}], 'path': '', 'method': '', 'next': None, 'previous': None, 'count': None}
2023-04-28 13:39:42,322:WARNING:django.request:Unauthorized: /
2023-04-28 13:39:42,590:INFO:configs.middlewares.auth:request received for endpoint /favicon.ico
2023-04-28 13:39:42,590:INFO:configs.middlewares.auth:Response {'ok': False, 'message': 'Unauthorized', 'errors': [{'message': 'Authorization not found, Please send valid token'}], 'path': '', 'method': '', 'next': None, 'previous': None, 'count': None}
2023-04-28 13:39:42,590:WARNING:django.request:Unauthorized: /favicon.ico
2023-04-28 13:39:57,614:INFO:configs.middlewares.auth:request received for endpoint /advertisements/
2023-04-28 13:40:41,201:INFO:configs.middlewares.auth:request received for endpoint /advertisements/
2023-04-28 13:40:51,608:INFO:configs.middlewares.auth:request received for endpoint /advertisements/
2023-04-28 13:41:07,994:INFO:environ.environ:/home/ubuntu/main/egresados_sistemas/configs/.env not found - if you're not configuring your environment separately, check this.
2023-04-28 13:41:07,997:DEBUG:environ.environ:get 'SECRET_OR_KEY' casted as 'None' with default '<NoValue>'
2023-04-28 13:41:08,086:INFO:environ.environ:/home/ubuntu/main/egresados_sistemas/configs/.env not found - if you're not configuring your environment separately, check this.
2023-04-28 13:41:08,086:DEBUG:environ.environ:get 'SECRET_OR_KEY' casted as 'None' with default '<NoValue>'
2023-04-28 13:41:08,414:INFO:configs.middlewares.auth:request received for endpoint /
2023-04-28 13:41:08,415:INFO:configs.middlewares.auth:Response {'ok': False, 'message': 'Unauthorized', 'errors': [{'message': 'Authorization not found, Please send valid token'}], 'path': '', 'method': '', 'next': None, 'previous': None, 'count': None}
2023-04-28 13:41:08,415:WARNING:django.request:Unauthorized: /
2023-04-28 13:41:08,735:INFO:configs.middlewares.auth:request received for endpoint /favicon.ico
2023-04-28 13:41:08,736:INFO:configs.middlewares.auth:Response {'ok': False, 'message': 'Unauthorized', 'errors': [{'message': 'Authorization not found, Please send valid token'}], 'path': '', 'method': '', 'next': None, 'previous': None, 'count': None}
2023-04-28 13:41:08,736:WARNING:django.request:Unauthorized: /favicon.ico
2023-04-28 13:41:25,906:INFO:configs.middlewares.auth:request received for endpoint /advertisements/
2023-04-28 13:41:48,893:INFO:configs.middlewares.auth:request received for endpoint /advertisements/
2023-04-28 13:42:49,292:INFO:configs.middlewares.auth:request received for endpoint /advertisements/
2023-04-28 13:43:12,868:INFO:configs.middlewares.auth:request received for endpoint /.git/config
2023-04-28 13:43:12,868:INFO:configs.middlewares.auth:Response {'ok': False, 'message': 'Unauthorized', 'errors': [{'message': 'Authorization not found, Please send valid token'}], 'path': '', 'method': '', 'next': None, 'previous': None, 'count': None}
2023-04-28 13:43:12,869:WARNING:django.request:Unauthorized: /.git/config
2023-04-28 13:43:18,672:INFO:environ.environ:/home/ubuntu/main/egresados_sistemas/configs/.env not found - if you're not configuring your environment separately, check this.
2023-04-28 13:43:18,677:DEBUG:environ.environ:get 'SECRET_OR_KEY' casted as 'None' with default '<NoValue>'
2023-04-28 13:43:18,740:INFO:environ.environ:/home/ubuntu/main/egresados_sistemas/configs/.env not found - if you're not configuring your environment separately, check this.
2023-04-28 13:43:18,741:DEBUG:environ.environ:get 'SECRET_OR_KEY' casted as 'None' with default '<NoValue>'
2023-04-28 13:43:19,060:INFO:configs.middlewares.auth:request received for endpoint /
2023-04-28 13:43:19,060:INFO:configs.middlewares.auth:Response {'ok': False, 'message': 'Unauthorized', 'errors': [{'message': 'Authorization not found, Please send valid token'}], 'path': '', 'method': '', 'next': None, 'previous': None, 'count': None}
2023-04-28 13:43:19,061:WARNING:django.request:Unauthorized: /
2023-04-28 13:43:19,393:INFO:configs.middlewares.auth:request received for endpoint /favicon.ico
2023-04-28 13:43:19,393:INFO:configs.middlewares.auth:Response {'ok': False, 'message': 'Unauthorized', 'errors': [{'message': 'Authorization not found, Please send valid token'}], 'path': '', 'method': '', 'next': None, 'previous': None, 'count': None}
2023-04-28 13:43:19,393:WARNING:django.request:Unauthorized: /favicon.ico
2023-04-28 13:43:19,485:INFO:configs.middlewares.auth:request received for endpoint /core/.env
2023-04-28 13:43:19,485:INFO:configs.middlewares.auth:Response {'ok': False, 'message': 'Unauthorized', 'errors': [{'message': 'Authorization not found, Please send valid token'}], 'path': '', 'method': '', 'next': None, 'previous': None, 'count': None}
2023-04-28 13:43:19,485:WARNING:django.request:Unauthorized: /core/.env
2023-04-28 13:43:22,443:INFO:configs.middlewares.auth:request received for endpoint /script/.env
2023-04-28 13:43:22,443:INFO:configs.middlewares.auth:Response {'ok': False, 'message': 'Unauthorized', 'errors': [{'message': 'Authorization not found, Please send valid token'}], 'path': '', 'method': '', 'next': None, 'previous': None, 'count': None}
2023-04-28 13:43:22,443:WARNING:django.request:Unauthorized: /script/.env
2023-04-28 13:43:26,691:INFO:configs.middlewares.auth:request received for endpoint /script/.env
2023-04-28 13:43:26,691:INFO:configs.middlewares.auth:Response {'ok': False, 'message': 'Unauthorized', 'errors': [{'message': 'Authorization not found, Please send valid token'}], 'path': '', 'method': '', 'next': None, 'previous': None, 'count': None}
2023-04-28 13:43:26,691:WARNING:django.request:Unauthorized: /script/.env
2023-04-28 13:43:28,567:INFO:configs.middlewares.auth:request received for endpoint /advertisements/
2023-04-28 13:43:29,777:INFO:configs.middlewares.auth:request received for endpoint /advertisements/
2023-04-28 13:43:30,174:INFO:configs.middlewares.auth:request received for endpoint /live_env
2023-04-28 13:43:30,174:INFO:configs.middlewares.auth:Response {'ok': False, 'message': 'Unauthorized', 'errors': [{'message': 'Authorization not found, Please send valid token'}], 'path': '', 'method': '', 'next': None, 'previous': None, 'count': None}
2023-04-28 13:43:30,174:WARNING:django.request:Unauthorized: /live_env
2023-04-28 13:43:32,340:INFO:configs.middlewares.auth:request received for endpoint /live_env
2023-04-28 13:43:32,340:INFO:configs.middlewares.auth:Response {'ok': False, 'message': 'Unauthorized', 'errors': [{'message': 'Authorization not found, Please send valid token'}], 'path': '', 'method': '', 'next': None, 'previous': None, 'count': None}
2023-04-28 13:43:32,340:WARNING:django.request:Unauthorized: /live_env
2023-04-28 13:43:33,090:INFO:configs.middlewares.auth:request received for endpoint /advertisements/
2023-04-28 13:43:34,123:INFO:configs.middlewares.auth:request received for endpoint /advertisements/
2023-04-28 13:43:36,826:INFO:configs.middlewares.auth:request received for endpoint /cp/.env
2023-04-28 13:43:36,826:INFO:configs.middlewares.auth:Response {'ok': False, 'message': 'Unauthorized', 'errors': [{'message': 'Authorization not found, Please send valid token'}], 'path': '', 'method': '', 'next': None, 'previous': None, 'count': None}
2023-04-28 13:43:36,827:WARNING:django.request:Unauthorized: /cp/.env
2023-04-28 13:43:44,646:INFO:configs.middlewares.auth:request received for endpoint /advertisements/
2023-04-28 13:43:45,188:INFO:configs.middlewares.auth:request received for endpoint /cp/.env
2023-04-28 13:43:45,188:INFO:configs.middlewares.auth:Response {'ok': False, 'message': 'Unauthorized', 'errors': [{'message': 'Authorization not found, Please send valid token'}], 'path': '', 'method': '', 'next': None, 'previous': None, 'count': None}
2023-04-28 13:43:45,188:WARNING:django.request:Unauthorized: /cp/.env
2023-04-28 13:43:45,567:INFO:configs.middlewares.auth:request received for endpoint /advertisements/
2023-04-28 13:43:46,352:INFO:configs.middlewares.auth:request received for endpoint /advertisements/
2023-04-28 13:43:47,113:INFO:configs.middlewares.auth:request received for endpoint /advertisements/
2023-04-28 13:43:47,795:INFO:configs.middlewares.auth:request received for endpoint /advertisements/
2023-04-28 13:43:48,444:INFO:configs.middlewares.auth:request received for endpoint /advertisements/
2023-04-28 13:43:55,518:INFO:environ.environ:/home/ubuntu/main/egresados_sistemas/configs/.env not found - if you're not configuring your environment separately, check this.
2023-04-28 13:43:55,518:DEBUG:environ.environ:get 'SECRET_OR_KEY' casted as 'None' with default '<NoValue>'
2023-04-28 13:43:55,612:INFO:environ.environ:/home/ubuntu/main/egresados_sistemas/configs/.env not found - if you're not configuring your environment separately, check this.
2023-04-28 13:43:55,613:DEBUG:environ.environ:get 'SECRET_OR_KEY' casted as 'None' with default '<NoValue>'
2023-04-28 13:43:55,952:INFO:configs.middlewares.auth:request received for endpoint /
2023-04-28 13:43:55,952:INFO:configs.middlewares.auth:Response {'ok': False, 'message': 'Unauthorized', 'errors': [{'message': 'Authorization not found, Please send valid token'}], 'path': '', 'method': '', 'next': None, 'previous': None, 'count': None}
2023-04-28 13:43:55,953:WARNING:django.request:Unauthorized: /
2023-04-28 13:43:56,339:INFO:configs.middlewares.auth:request received for endpoint /development/.env
2023-04-28 13:43:56,341:INFO:configs.middlewares.auth:request received for endpoint /favicon.ico
2023-04-28 13:43:56,341:INFO:configs.middlewares.auth:Response {'ok': False, 'message': 'Unauthorized', 'errors': [{'message': 'Authorization not found, Please send valid token'}], 'path': '', 'method': '', 'next': None, 'previous': None, 'count': None}
2023-04-28 13:43:56,341:INFO:configs.middlewares.auth:Response {'ok': False, 'message': 'Unauthorized', 'errors': [{'message': 'Authorization not found, Please send valid token'}], 'path': '', 'method': '', 'next': None, 'previous': None, 'count': None}
2023-04-28 13:43:56,342:WARNING:django.request:Unauthorized: /development/.env
2023-04-28 13:43:56,342:WARNING:django.request:Unauthorized: /favicon.ico
2023-04-28 13:43:58,505:INFO:configs.middlewares.auth:request received for endpoint /development/.env
2023-04-28 13:43:58,505:INFO:configs.middlewares.auth:Response {'ok': False, 'message': 'Unauthorized', 'errors': [{'message': 'Authorization not found, Please send valid token'}], 'path': '', 'method': '', 'next': None, 'previous': None, 'count': None}
2023-04-28 13:43:58,506:WARNING:django.request:Unauthorized: /development/.env
2023-04-28 13:44:05,658:INFO:configs.middlewares.auth:request received for endpoint /enviroments/.env
2023-04-28 13:44:05,658:INFO:configs.middlewares.auth:Response {'ok': False, 'message': 'Unauthorized', 'errors': [{'message': 'Authorization not found, Please send valid token'}], 'path': '', 'method': '', 'next': None, 'previous': None, 'count': None}
2023-04-28 13:44:05,659:WARNING:django.request:Unauthorized: /enviroments/.env
2023-04-28 13:44:05,782:INFO:configs.middlewares.auth:request received for endpoint /advertisements/
2023-04-28 13:44:08,168:INFO:configs.middlewares.auth:request received for endpoint /enviroments/.env
2023-04-28 13:44:08,168:INFO:configs.middlewares.auth:Response {'ok': False, 'message': 'Unauthorized', 'errors': [{'message': 'Authorization not found, Please send valid token'}], 'path': '', 'method': '', 'next': None, 'previous': None, 'count': None}
2023-04-28 13:44:08,168:WARNING:django.request:Unauthorized: /enviroments/.env
2023-04-28 13:44:12,742:INFO:configs.middlewares.auth:request received for endpoint /rest/.env
2023-04-28 13:44:12,743:INFO:configs.middlewares.auth:Response {'ok': False, 'message': 'Unauthorized', 'errors': [{'message': 'Authorization not found, Please send valid token'}], 'path': '', 'method': '', 'next': None, 'previous': None, 'count': None}
2023-04-28 13:44:12,743:WARNING:django.request:Unauthorized: /rest/.env
2023-04-28 13:44:15,063:INFO:configs.middlewares.auth:request received for endpoint /rest/.env
2023-04-28 13:44:15,063:INFO:configs.middlewares.auth:Response {'ok': False, 'message': 'Unauthorized', 'errors': [{'message': 'Authorization not found, Please send valid token'}], 'path': '', 'method': '', 'next': None, 'previous': None, 'count': None}
2023-04-28 13:44:15,063:WARNING:django.request:Unauthorized: /rest/.env
2023-04-28 13:44:18,105:INFO:configs.middlewares.auth:request received for endpoint /app/.env
2023-04-28 13:44:18,106:INFO:configs.middlewares.auth:Response {'ok': False, 'message': 'Unauthorized', 'errors': [{'message': 'Authorization not found, Please send valid token'}], 'path': '', 'method': '', 'next': None, 'previous': None, 'count': None}
2023-04-28 13:44:18,106:WARNING:django.request:Unauthorized: /app/.env
2023-04-28 13:44:23,680:INFO:configs.middlewares.auth:request received for endpoint /app/.env
2023-04-28 13:44:23,681:INFO:configs.middlewares.auth:Response {'ok': False, 'message': 'Unauthorized', 'errors': [{'message': 'Authorization not found, Please send valid token'}], 'path': '', 'method': '', 'next': None, 'previous': None, 'count': None}
2023-04-28 13:44:23,681:WARNING:django.request:Unauthorized: /app/.env
2023-04-28 13:44:27,946:INFO:configs.middlewares.auth:request received for endpoint /.env.project
2023-04-28 13:44:27,947:INFO:configs.middlewares.auth:Response {'ok': False, 'message': 'Unauthorized', 'errors': [{'message': 'Authorization not found, Please send valid token'}], 'path': '', 'method': '', 'next': None, 'previous': None, 'count': None}
2023-04-28 13:44:27,947:WARNING:django.request:Unauthorized: /.env.project
2023-04-28 13:44:31,254:INFO:configs.middlewares.auth:request received for endpoint /.env.project
2023-04-28 13:44:31,255:INFO:configs.middlewares.auth:Response {'ok': False, 'message': 'Unauthorized', 'errors': [{'message': 'Authorization not found, Please send valid token'}], 'path': '', 'method': '', 'next': None, 'previous': None, 'count': None}
2023-04-28 13:44:31,255:WARNING:django.request:Unauthorized: /.env.project
2023-04-28 13:44:33,250:INFO:configs.middlewares.auth:request received for endpoint /.env.dist
2023-04-28 13:44:33,251:INFO:configs.middlewares.auth:Response {'ok': False, 'message': 'Unauthorized', 'errors': [{'message': 'Authorization not found, Please send valid token'}], 'path': '', 'method': '', 'next': None, 'previous': None, 'count': None}
2023-04-28 13:44:33,251:WARNING:django.request:Unauthorized: /.env.dist
2023-04-28 13:44:36,267:INFO:configs.middlewares.auth:request received for endpoint /.env.dist
2023-04-28 13:44:36,267:INFO:configs.middlewares.auth:Response {'ok': False, 'message': 'Unauthorized', 'errors': [{'message': 'Authorization not found, Please send valid token'}], 'path': '', 'method': '', 'next': None, 'previous': None, 'count': None}
2023-04-28 13:44:36,267:WARNING:django.request:Unauthorized: /.env.dist
2023-04-28 13:44:39,245:INFO:configs.middlewares.auth:request received for endpoint /.env.save
2023-04-28 13:44:39,245:INFO:configs.middlewares.auth:Response {'ok': False, 'message': 'Unauthorized', 'errors': [{'message': 'Authorization not found, Please send valid token'}], 'path': '', 'method': '', 'next': None, 'previous': None, 'count': None}
2023-04-28 13:44:39,246:WARNING:django.request:Unauthorized: /.env.save
2023-04-28 13:44:41,054:INFO:configs.middlewares.auth:request received for endpoint /.env.save
2023-04-28 13:44:41,054:INFO:configs.middlewares.auth:Response {'ok': False, 'message': 'Unauthorized', 'errors': [{'message': 'Authorization not found, Please send valid token'}], 'path': '', 'method': '', 'next': None, 'previous': None, 'count': None}
2023-04-28 13:44:41,055:WARNING:django.request:Unauthorized: /.env.save
2023-04-28 13:44:46,003:INFO:configs.middlewares.auth:request received for endpoint /advertisements/
2023-04-28 13:44:46,849:INFO:configs.middlewares.auth:request received for endpoint /.env.production
2023-04-28 13:44:46,849:INFO:configs.middlewares.auth:Response {'ok': False, 'message': 'Unauthorized', 'errors': [{'message': 'Authorization not found, Please send valid token'}], 'path': '', 'method': '', 'next': None, 'previous': None, 'count': None}
2023-04-28 13:44:46,849:WARNING:django.request:Unauthorized: /.env.production
2023-04-28 13:44:49,096:INFO:configs.middlewares.auth:request received for endpoint /.env.production
2023-04-28 13:44:49,097:INFO:configs.middlewares.auth:Response {'ok': False, 'message': 'Unauthorized', 'errors': [{'message': 'Authorization not found, Please send valid token'}], 'path': '', 'method': '', 'next': None, 'previous': None, 'count': None}
2023-04-28 13:44:49,097:WARNING:django.request:Unauthorized: /.env.production
2023-04-28 13:44:52,526:INFO:configs.middlewares.auth:request received for endpoint /.env.development
2023-04-28 13:44:52,526:INFO:configs.middlewares.auth:Response {'ok': False, 'message': 'Unauthorized', 'errors': [{'message': 'Authorization not found, Please send valid token'}], 'path': '', 'method': '', 'next': None, 'previous': None, 'count': None}
2023-04-28 13:44:52,527:WARNING:django.request:Unauthorized: /.env.development
2023-04-28 13:44:57,265:INFO:configs.middlewares.auth:request received for endpoint /.env.development
2023-04-28 13:44:57,265:INFO:configs.middlewares.auth:Response {'ok': False, 'message': 'Unauthorized', 'errors': [{'message': 'Authorization not found, Please send valid token'}], 'path': '', 'method': '', 'next': None, 'previous': None, 'count': None}
2023-04-28 13:44:57,266:WARNING:django.request:Unauthorized: /.env.development
2023-04-28 13:44:58,609:INFO:configs.middlewares.auth:request received for endpoint /private/.env
2023-04-28 13:44:58,609:INFO:configs.middlewares.auth:Response {'ok': False, 'message': 'Unauthorized', 'errors': [{'message': 'Authorization not found, Please send valid token'}], 'path': '', 'method': '', 'next': None, 'previous': None, 'count': None}
2023-04-28 13:44:58,610:WARNING:django.request:Unauthorized: /private/.env
2023-04-28 13:45:03,047:INFO:configs.middlewares.auth:request received for endpoint /private/.env
2023-04-28 13:45:03,047:INFO:configs.middlewares.auth:Response {'ok': False, 'message': 'Unauthorized', 'errors': [{'message': 'Authorization not found, Please send valid token'}], 'path': '', 'method': '', 'next': None, 'previous': None, 'count': None}
2023-04-28 13:45:03,047:WARNING:django.request:Unauthorized: /private/.env
2023-04-28 13:45:05,980:INFO:configs.middlewares.auth:request received for endpoint /local/.env
2023-04-28 13:45:05,981:INFO:configs.middlewares.auth:Response {'ok': False, 'message': 'Unauthorized', 'errors': [{'message': 'Authorization not found, Please send valid token'}], 'path': '', 'method': '', 'next': None, 'previous': None, 'count': None}
2023-04-28 13:45:05,981:WARNING:django.request:Unauthorized: /local/.env
2023-04-28 13:45:08,634:INFO:configs.middlewares.auth:request received for endpoint /local/.env
2023-04-28 13:45:08,634:INFO:configs.middlewares.auth:Response {'ok': False, 'message': 'Unauthorized', 'errors': [{'message': 'Authorization not found, Please send valid token'}], 'path': '', 'method': '', 'next': None, 'previous': None, 'count': None}
2023-04-28 13:45:08,634:WARNING:django.request:Unauthorized: /local/.env
2023-04-28 13:45:14,499:INFO:configs.middlewares.auth:request received for endpoint /docker/.env
2023-04-28 13:45:14,500:INFO:configs.middlewares.auth:Response {'ok': False, 'message': 'Unauthorized', 'errors': [{'message': 'Authorization not found, Please send valid token'}], 'path': '', 'method': '', 'next': None, 'previous': None, 'count': None}
2023-04-28 13:45:14,500:WARNING:django.request:Unauthorized: /docker/.env
2023-04-28 13:45:16,017:INFO:configs.middlewares.auth:request received for endpoint /docker/.env
2023-04-28 13:45:16,017:INFO:configs.middlewares.auth:Response {'ok': False, 'message': 'Unauthorized', 'errors': [{'message': 'Authorization not found, Please send valid token'}], 'path': '', 'method': '', 'next': None, 'previous': None, 'count': None}
2023-04-28 13:45:16,017:WARNING:django.request:Unauthorized: /docker/.env
2023-04-28 13:45:21,636:INFO:configs.middlewares.auth:request received for endpoint /.env
2023-04-28 13:45:21,636:INFO:configs.middlewares.auth:Response {'ok': False, 'message': 'Unauthorized', 'errors': [{'message': 'Authorization not found, Please send valid token'}], 'path': '', 'method': '', 'next': None, 'previous': None, 'count': None}
2023-04-28 13:45:21,636:WARNING:django.request:Unauthorized: /.env
2023-04-28 13:45:28,219:INFO:configs.middlewares.auth:request received for endpoint /.env
2023-04-28 13:45:28,220:INFO:configs.middlewares.auth:Response {'ok': False, 'message': 'Unauthorized', 'errors': [{'message': 'Authorization not found, Please send valid token'}], 'path': '', 'method': '', 'next': None, 'previous': None, 'count': None}
2023-04-28 13:45:28,220:WARNING:django.request:Unauthorized: /.env
2023-04-28 13:45:31,428:INFO:configs.middlewares.auth:request received for endpoint /.env.old
2023-04-28 13:45:31,428:INFO:configs.middlewares.auth:Response {'ok': False, 'message': 'Unauthorized', 'errors': [{'message': 'Authorization not found, Please send valid token'}], 'path': '', 'method': '', 'next': None, 'previous': None, 'count': None}
2023-04-28 13:45:31,429:WARNING:django.request:Unauthorized: /.env.old
2023-04-28 13:45:36,177:INFO:configs.middlewares.auth:request received for endpoint /.env.old
2023-04-28 13:45:36,178:INFO:configs.middlewares.auth:Response {'ok': False, 'message': 'Unauthorized', 'errors': [{'message': 'Authorization not found, Please send valid token'}], 'path': '', 'method': '', 'next': None, 'previous': None, 'count': None}
2023-04-28 13:45:36,178:WARNING:django.request:Unauthorized: /.env.old
2023-04-28 13:45:36,898:INFO:configs.middlewares.auth:request received for endpoint /advertisements/
2023-04-28 13:45:37,266:INFO:configs.middlewares.auth:request received for endpoint /application/.env
2023-04-28 13:45:37,266:INFO:configs.middlewares.auth:Response {'ok': False, 'message': 'Unauthorized', 'errors': [{'message': 'Authorization not found, Please send valid token'}], 'path': '', 'method': '', 'next': None, 'previous': None, 'count': None}
2023-04-28 13:45:37,266:WARNING:django.request:Unauthorized: /application/.env
2023-04-28 13:45:44,393:INFO:configs.middlewares.auth:request received for endpoint /application/.env
2023-04-28 13:45:44,393:INFO:configs.middlewares.auth:Response {'ok': False, 'message': 'Unauthorized', 'errors': [{'message': 'Authorization not found, Please send valid token'}], 'path': '', 'method': '', 'next': None, 'previous': None, 'count': None}
2023-04-28 13:45:44,394:WARNING:django.request:Unauthorized: /application/.env
2023-04-28 13:45:49,526:INFO:configs.middlewares.auth:request received for endpoint /apps/.env
2023-04-28 13:45:49,526:INFO:configs.middlewares.auth:Response {'ok': False, 'message': 'Unauthorized', 'errors': [{'message': 'Authorization not found, Please send valid token'}], 'path': '', 'method': '', 'next': None, 'previous': None, 'count': None}
2023-04-28 13:45:49,526:WARNING:django.request:Unauthorized: /apps/.env
2023-04-28 13:45:51,346:INFO:configs.middlewares.auth:request received for endpoint /advertisements/
2023-04-28 13:45:52,220:INFO:configs.middlewares.auth:request received for endpoint /advertisements/
2023-04-28 13:45:52,962:INFO:configs.middlewares.auth:request received for endpoint /advertisements/
2023-04-28 13:45:52,966:INFO:configs.middlewares.auth:request received for endpoint /apps/.env
2023-04-28 13:45:52,966:INFO:configs.middlewares.auth:Response {'ok': False, 'message': 'Unauthorized', 'errors': [{'message': 'Authorization not found, Please send valid token'}], 'path': '', 'method': '', 'next': None, 'previous': None, 'count': None}
2023-04-28 13:45:52,966:WARNING:django.request:Unauthorized: /apps/.env
2023-04-28 13:45:53,743:INFO:configs.middlewares.auth:request received for endpoint /advertisements/
2023-04-28 13:45:54,524:INFO:configs.middlewares.auth:request received for endpoint /advertisements/
2023-04-28 13:45:57,080:INFO:configs.middlewares.auth:request received for endpoint /sources/.env
2023-04-28 13:45:57,081:INFO:configs.middlewares.auth:Response {'ok': False, 'message': 'Unauthorized', 'errors': [{'message': 'Authorization not found, Please send valid token'}], 'path': '', 'method': '', 'next': None, 'previous': None, 'count': None}
2023-04-28 13:45:57,081:WARNING:django.request:Unauthorized: /sources/.env
2023-04-28 13:46:00,113:INFO:configs.middlewares.auth:request received for endpoint /sources/.env
2023-04-28 13:46:00,113:INFO:configs.middlewares.auth:Response {'ok': False, 'message': 'Unauthorized', 'errors': [{'message': 'Authorization not found, Please send valid token'}], 'path': '', 'method': '', 'next': None, 'previous': None, 'count': None}
2023-04-28 13:46:00,113:WARNING:django.request:Unauthorized: /sources/.env
2023-04-28 13:46:01,196:INFO:configs.middlewares.auth:request received for endpoint /admin-app/.env
2023-04-28 13:46:01,196:INFO:configs.middlewares.auth:Response {'ok': False, 'message': 'Unauthorized', 'errors': [{'message': 'Authorization not found, Please send valid token'}], 'path': '', 'method': '', 'next': None, 'previous': None, 'count': None}
2023-04-28 13:46:01,196:WARNING:django.request:Unauthorized: /admin-app/.env
2023-04-28 13:46:05,166:INFO:configs.middlewares.auth:request received for endpoint /admin-app/.env
2023-04-28 13:46:05,166:INFO:configs.middlewares.auth:Response {'ok': False, 'message': 'Unauthorized', 'errors': [{'message': 'Authorization not found, Please send valid token'}], 'path': '', 'method': '', 'next': None, 'previous': None, 'count': None}
2023-04-28 13:46:05,167:WARNING:django.request:Unauthorized: /admin-app/.env
2023-04-28 13:46:08,974:INFO:configs.middlewares.auth:request received for endpoint /cms/.env
2023-04-28 13:46:08,975:INFO:configs.middlewares.auth:Response {'ok': False, 'message': 'Unauthorized', 'errors': [{'message': 'Authorization not found, Please send valid token'}], 'path': '', 'method': '', 'next': None, 'previous': None, 'count': None}
2023-04-28 13:46:08,975:WARNING:django.request:Unauthorized: /cms/.env
2023-04-28 13:46:12,571:INFO:configs.middlewares.auth:request received for endpoint /cms/.env
2023-04-28 13:46:12,571:INFO:configs.middlewares.auth:Response {'ok': False, 'message': 'Unauthorized', 'errors': [{'message': 'Authorization not found, Please send valid token'}], 'path': '', 'method': '', 'next': None, 'previous': None, 'count': None}
2023-04-28 13:46:12,572:WARNING:django.request:Unauthorized: /cms/.env
2023-04-28 13:46:15,773:INFO:configs.middlewares.auth:request received for endpoint /back/.env
2023-04-28 13:46:15,774:INFO:configs.middlewares.auth:Response {'ok': False, 'message': 'Unauthorized', 'errors': [{'message': 'Authorization not found, Please send valid token'}], 'path': '', 'method': '', 'next': None, 'previous': None, 'count': None}
2023-04-28 13:46:15,774:WARNING:django.request:Unauthorized: /back/.env
2023-04-28 13:46:20,650:INFO:environ.environ:/home/ubuntu/main/egresados_sistemas/configs/.env not found - if you're not configuring your environment separately, check this.
2023-04-28 13:46:20,651:DEBUG:environ.environ:get 'SECRET_OR_KEY' casted as 'None' with default '<NoValue>'
2023-04-28 13:46:20,736:INFO:environ.environ:/home/ubuntu/main/egresados_sistemas/configs/.env not found - if you're not configuring your environment separately, check this.
2023-04-28 13:46:20,737:DEBUG:environ.environ:get 'SECRET_OR_KEY' casted as 'None' with default '<NoValue>'
2023-04-28 13:46:21,037:INFO:configs.middlewares.auth:request received for endpoint /
2023-04-28 13:46:21,037:INFO:configs.middlewares.auth:Response {'ok': False, 'message': 'Unauthorized', 'errors': [{'message': 'Authorization not found, Please send valid token'}], 'path': '', 'method': '', 'next': None, 'previous': None, 'count': None}
2023-04-28 13:46:21,038:WARNING:django.request:Unauthorized: /
2023-04-28 13:46:21,089:INFO:configs.middlewares.auth:request received for endpoint /back/.env
2023-04-28 13:46:21,089:INFO:configs.middlewares.auth:Response {'ok': False, 'message': 'Unauthorized', 'errors': [{'message': 'Authorization not found, Please send valid token'}], 'path': '', 'method': '', 'next': None, 'previous': None, 'count': None}
2023-04-28 13:46:21,089:WARNING:django.request:Unauthorized: /back/.env
2023-04-28 13:46:21,328:INFO:configs.middlewares.auth:request received for endpoint /favicon.ico
2023-04-28 13:46:21,328:INFO:configs.middlewares.auth:Response {'ok': False, 'message': 'Unauthorized', 'errors': [{'message': 'Authorization not found, Please send valid token'}], 'path': '', 'method': '', 'next': None, 'previous': None, 'count': None}
2023-04-28 13:46:21,329:WARNING:django.request:Unauthorized: /favicon.ico
2023-04-28 13:46:25,956:INFO:configs.middlewares.auth:request received for endpoint /shared/.env
2023-04-28 13:46:25,957:INFO:configs.middlewares.auth:Response {'ok': False, 'message': 'Unauthorized', 'errors': [{'message': 'Authorization not found, Please send valid token'}], 'path': '', 'method': '', 'next': None, 'previous': None, 'count': None}
2023-04-28 13:46:25,957:WARNING:django.request:Unauthorized: /shared/.env
2023-04-28 13:46:29,612:INFO:configs.middlewares.auth:request received for endpoint /advertisements/
2023-04-28 13:46:36,212:INFO:configs.middlewares.auth:request received for endpoint /shared/.env
2023-04-28 13:46:36,212:INFO:configs.middlewares.auth:Response {'ok': False, 'message': 'Unauthorized', 'errors': [{'message': 'Authorization not found, Please send valid token'}], 'path': '', 'method': '', 'next': None, 'previous': None, 'count': None}
2023-04-28 13:46:36,213:WARNING:django.request:Unauthorized: /shared/.env
2023-04-28 13:46:36,639:INFO:configs.middlewares.auth:request received for endpoint /advertisements/
2023-04-28 13:46:37,767:INFO:configs.middlewares.auth:request received for endpoint /enviroments/.env.production
2023-04-28 13:46:37,768:INFO:configs.middlewares.auth:Response {'ok': False, 'message': 'Unauthorized', 'errors': [{'message': 'Authorization not found, Please send valid token'}], 'path': '', 'method': '', 'next': None, 'previous': None, 'count': None}
2023-04-28 13:46:37,768:WARNING:django.request:Unauthorized: /enviroments/.env.production
2023-04-28 13:46:41,675:INFO:configs.middlewares.auth:request received for endpoint /enviroments/.env.production
2023-04-28 13:46:41,675:INFO:configs.middlewares.auth:Response {'ok': False, 'message': 'Unauthorized', 'errors': [{'message': 'Authorization not found, Please send valid token'}], 'path': '', 'method': '', 'next': None, 'previous': None, 'count': None}
2023-04-28 13:46:41,675:WARNING:django.request:Unauthorized: /enviroments/.env.production
2023-04-28 13:46:45,539:INFO:configs.middlewares.auth:request received for endpoint /laravel/.env
2023-04-28 13:46:45,540:INFO:configs.middlewares.auth:Response {'ok': False, 'message': 'Unauthorized', 'errors': [{'message': 'Authorization not found, Please send valid token'}], 'path': '', 'method': '', 'next': None, 'previous': None, 'count': None}
2023-04-28 13:46:45,540:WARNING:django.request:Unauthorized: /laravel/.env
2023-04-28 13:46:47,280:INFO:configs.middlewares.auth:request received for endpoint /laravel/.env
2023-04-28 13:46:47,280:INFO:configs.middlewares.auth:Response {'ok': False, 'message': 'Unauthorized', 'errors': [{'message': 'Authorization not found, Please send valid token'}], 'path': '', 'method': '', 'next': None, 'previous': None, 'count': None}
2023-04-28 13:46:47,281:WARNING:django.request:Unauthorized: /laravel/.env
2023-04-28 13:46:51,946:INFO:configs.middlewares.auth:request received for endpoint /fedex/.env
2023-04-28 13:46:51,947:INFO:configs.middlewares.auth:Response {'ok': False, 'message': 'Unauthorized', 'errors': [{'message': 'Authorization not found, Please send valid token'}], 'path': '', 'method': '', 'next': None, 'previous': None, 'count': None}
2023-04-28 13:46:51,947:WARNING:django.request:Unauthorized: /fedex/.env
2023-04-28 13:46:59,257:INFO:configs.middlewares.auth:request received for endpoint /fedex/.env
2023-04-28 13:46:59,257:INFO:configs.middlewares.auth:Response {'ok': False, 'message': 'Unauthorized', 'errors': [{'message': 'Authorization not found, Please send valid token'}], 'path': '', 'method': '', 'next': None, 'previous': None, 'count': None}
2023-04-28 13:46:59,258:WARNING:django.request:Unauthorized: /fedex/.env
2023-04-28 13:47:05,307:INFO:configs.middlewares.auth:request received for endpoint /api/.env
2023-04-28 13:47:05,307:INFO:configs.middlewares.auth:Response {'ok': False, 'message': 'Unauthorized', 'errors': [{'message': 'Authorization not found, Please send valid token'}], 'path': '', 'method': '', 'next': None, 'previous': None, 'count': None}
2023-04-28 13:47:05,307:WARNING:django.request:Unauthorized: /api/.env
2023-04-28 13:47:08,240:INFO:configs.middlewares.auth:request received for endpoint /api/.env
2023-04-28 13:47:08,241:INFO:configs.middlewares.auth:Response {'ok': False, 'message': 'Unauthorized', 'errors': [{'message': 'Authorization not found, Please send valid token'}], 'path': '', 'method': '', 'next': None, 'previous': None, 'count': None}
2023-04-28 13:47:08,241:WARNING:django.request:Unauthorized: /api/.env
2023-04-28 13:47:10,200:INFO:configs.middlewares.auth:request received for endpoint /system/.env
2023-04-28 13:47:10,201:INFO:configs.middlewares.auth:Response {'ok': False, 'message': 'Unauthorized', 'errors': [{'message': 'Authorization not found, Please send valid token'}], 'path': '', 'method': '', 'next': None, 'previous': None, 'count': None}
2023-04-28 13:47:10,201:WARNING:django.request:Unauthorized: /system/.env
2023-04-28 13:47:15,120:INFO:configs.middlewares.auth:request received for endpoint /system/.env
2023-04-28 13:47:15,121:INFO:configs.middlewares.auth:Response {'ok': False, 'message': 'Unauthorized', 'errors': [{'message': 'Authorization not found, Please send valid token'}], 'path': '', 'method': '', 'next': None, 'previous': None, 'count': None}
2023-04-28 13:47:15,121:WARNING:django.request:Unauthorized: /system/.env
2023-04-28 13:47:17,589:INFO:configs.middlewares.auth:request received for endpoint /.env.prod
2023-04-28 13:47:17,589:INFO:configs.middlewares.auth:Response {'ok': False, 'message': 'Unauthorized', 'errors': [{'message': 'Authorization not found, Please send valid token'}], 'path': '', 'method': '', 'next': None, 'previous': None, 'count': None}
2023-04-28 13:47:17,589:WARNING:django.request:Unauthorized: /.env.prod
2023-04-28 13:47:21,099:INFO:configs.middlewares.auth:request received for endpoint /.env.prod
2023-04-28 13:47:21,099:INFO:configs.middlewares.auth:Response {'ok': False, 'message': 'Unauthorized', 'errors': [{'message': 'Authorization not found, Please send valid token'}], 'path': '', 'method': '', 'next': None, 'previous': None, 'count': None}
2023-04-28 13:47:21,099:WARNING:django.request:Unauthorized: /.env.prod
2023-04-28 13:47:24,764:INFO:configs.middlewares.auth:request received for endpoint /frontend_dev.php/$
2023-04-28 13:47:24,765:INFO:configs.middlewares.auth:Response {'ok': False, 'message': 'Unauthorized', 'errors': [{'message': 'Authorization not found, Please send valid token'}], 'path': '', 'method': '', 'next': None, 'previous': None, 'count': None}
2023-04-28 13:47:24,765:WARNING:django.request:Unauthorized: /frontend_dev.php/$
2023-04-28 13:47:30,022:INFO:configs.middlewares.auth:request received for endpoint /debug/default/view
2023-04-28 13:47:30,022:INFO:configs.middlewares.auth:Response {'ok': False, 'message': 'Unauthorized', 'errors': [{'message': 'Authorization not found, Please send valid token'}], 'path': '', 'method': '', 'next': None, 'previous': None, 'count': None}
2023-04-28 13:47:30,022:WARNING:django.request:Unauthorized: /debug/default/view
2023-04-28 13:47:33,663:INFO:configs.middlewares.auth:request received for endpoint /.json
2023-04-28 13:47:33,663:INFO:configs.middlewares.auth:Response {'ok': False, 'message': 'Unauthorized', 'errors': [{'message': 'Authorization not found, Please send valid token'}], 'path': '', 'method': '', 'next': None, 'previous': None, 'count': None}
2023-04-28 13:47:33,663:WARNING:django.request:Unauthorized: /.json
2023-04-28 13:47:35,868:INFO:configs.middlewares.auth:request received for endpoint /config.json
2023-04-28 13:47:35,868:INFO:configs.middlewares.auth:Response {'ok': False, 'message': 'Unauthorized', 'errors': [{'message': 'Authorization not found, Please send valid token'}], 'path': '', 'method': '', 'next': None, 'previous': None, 'count': None}
2023-04-28 13:47:35,869:WARNING:django.request:Unauthorized: /config.json
2023-04-28 13:47:36,178:INFO:configs.middlewares.auth:request received for endpoint /advertisements/
2023-04-28 13:47:40,802:INFO:configs.middlewares.auth:request received for endpoint /_profiler/phpinfo
2023-04-28 13:47:40,802:INFO:configs.middlewares.auth:Response {'ok': False, 'message': 'Unauthorized', 'errors': [{'message': 'Authorization not found, Please send valid token'}], 'path': '', 'method': '', 'next': None, 'previous': None, 'count': None}
2023-04-28 13:47:40,803:WARNING:django.request:Unauthorized: /_profiler/phpinfo
2023-04-28 13:47:43,586:INFO:configs.middlewares.auth:request received for endpoint /info.php
2023-04-28 13:47:43,586:INFO:configs.middlewares.auth:Response {'ok': False, 'message': 'Unauthorized', 'errors': [{'message': 'Authorization not found, Please send valid token'}], 'path': '', 'method': '', 'next': None, 'previous': None, 'count': None}
2023-04-28 13:47:43,586:WARNING:django.request:Unauthorized: /info.php
2023-04-28 13:47:46,183:INFO:configs.middlewares.auth:request received for endpoint /
2023-04-28 13:47:46,183:INFO:configs.middlewares.auth:Response {'ok': False, 'message': 'Unauthorized', 'errors': [{'message': 'Authorization not found, Please send valid token'}], 'path': '', 'method': '', 'next': None, 'previous': None, 'count': None}
2023-04-28 13:47:46,184:WARNING:django.request:Unauthorized: /
2023-04-28 13:47:51,707:INFO:configs.middlewares.auth:request received for endpoint /phpinfo.php
2023-04-28 13:47:51,708:INFO:configs.middlewares.auth:Response {'ok': False, 'message': 'Unauthorized', 'errors': [{'message': 'Authorization not found, Please send valid token'}], 'path': '', 'method': '', 'next': None, 'previous': None, 'count': None}
2023-04-28 13:47:51,708:WARNING:django.request:Unauthorized: /phpinfo.php
2023-04-28 13:48:30,935:INFO:configs.middlewares.auth:request received for endpoint /advertisements/
2023-04-28 13:49:06,341:INFO:configs.middlewares.auth:request received for endpoint /advertisements/
2023-04-28 13:49:25,058:INFO:configs.middlewares.auth:request received for endpoint /advertisements/
2023-04-28 13:50:37,156:INFO:configs.middlewares.auth:request received for endpoint /advertisements/
2023-04-28 13:52:27,693:INFO:configs.middlewares.auth:request received for endpoint /advertisements/
2023-04-28 13:52:35,588:INFO:configs.middlewares.auth:request received for endpoint /advertisements/
2023-04-28 13:53:20,217:INFO:environ.environ:/home/ubuntu/main/egresados_sistemas/configs/.env not found - if you're not configuring your environment separately, check this.
2023-04-28 13:53:20,218:DEBUG:environ.environ:get 'SECRET_OR_KEY' casted as 'None' with default '<NoValue>'
2023-04-28 13:53:20,218:INFO:environ.environ:/home/ubuntu/main/egresados_sistemas/configs/.env not found - if you're not configuring your environment separately, check this.
2023-04-28 13:53:20,218:DEBUG:environ.environ:get 'SECRET_OR_KEY' casted as 'None' with default '<NoValue>'
2023-04-28 13:53:20,320:INFO:configs.middlewares.auth:request received for endpoint /advertisements/
2023-04-28 13:53:43,590:INFO:configs.middlewares.auth:request received for endpoint /advertisements/
2023-04-28 14:04:38,639:INFO:configs.middlewares.auth:request received for endpoint /advertisements/
2023-04-28 14:15:52,676:INFO:django.utils.autoreload:/media/nelson/Apacer PHD/projects/centro/sistema_egresados/configuration/urls.py changed, reloading.
2023-04-28 14:30:38,296:INFO:configs.middlewares.auth:request received for endpoint /advertisements/create/
2023-04-28 14:30:39,685:WARNING:root:{"descripcion":["This field is required."],"corregimiento":["This field is required."]}
2023-04-28 14:30:40,045:WARNING:django.request:Bad Request: /advertisements/create/
2023-04-28 14:30:53,847:INFO:configs.middlewares.auth:request received for endpoint /advertisements/create/
2023-04-28 14:30:55,014:WARNING:root:Expecting value: line 1 column 1 (char 0)
2023-04-28 14:30:55,376:WARNING:django.request:Bad Request: /advertisements/create/
2023-04-28 14:31:58,074:INFO:django.utils.autoreload:/media/nelson/Apacer PHD/projects/centro/sistema_egresados/configs/middlewares/view_responses.py changed, reloading.
2023-04-28 14:32:01,930:INFO:configs.middlewares.auth:request received for endpoint /advertisements/create/
2023-04-28 14:32:02,991:WARNING:root:Expecting value: line 1 column 1 (char 0)
2023-04-28 14:32:03,347:WARNING:django.request:Bad Request: /advertisements/create/
2023-04-28 14:32:09,712:INFO:django.utils.autoreload:/media/nelson/Apacer PHD/projects/centro/sistema_egresados/configs/middlewares/view_responses.py changed, reloading.
2023-04-28 14:32:19,578:INFO:django.utils.autoreload:/media/nelson/Apacer PHD/projects/centro/sistema_egresados/apps/classified_advertisements/api/serializers/advertissement/advertisement_serialziers.py changed, reloading.
2023-04-28 14:32:23,515:INFO:configs.middlewares.auth:request received for endpoint /advertisements/create/
2023-04-28 14:50:39,037:INFO:configs.middlewares.auth:request received for endpoint /advertisements/
2023-04-28 14:53:54,352:INFO:django.utils.autoreload:/media/nelson/Apacer PHD/projects/centro/sistema_egresados/apps/classified_advertisements/api/serializers/advertissement/advertisement_serialziers.py changed, reloading.
2023-04-28 14:59:58,954:INFO:django.utils.autoreload:/media/nelson/Apacer PHD/projects/centro/sistema_egresados/configuration/urls.py changed, reloading.
2023-04-28 15:00:04,313:INFO:configs.middlewares.auth:request received for endpoint /clear/cache
2023-04-28 15:00:05,289:WARNING:root:
<!doctype html>
<html lang="en">
<head>
  <title>Not Found</title>
</head>
<body>
  <h1>Not Found</h1><p>The requested resource was not found on this server.</p>
</body>
</html>

2023-04-28 15:00:05,289:WARNING:root:Expecting value: line 2 column 1 (char 1)
2023-04-28 15:00:05,645:WARNING:django.request:Bad Request: /clear/cache
2023-04-28 15:00:09,946:INFO:configs.middlewares.auth:request received for endpoint /clear/cache
2023-04-28 15:00:10,964:WARNING:root:
<!doctype html>
<html lang="en">
<head>
  <title>Not Found</title>
</head>
<body>
  <h1>Not Found</h1><p>The requested resource was not found on this server.</p>
</body>
</html>

2023-04-28 15:00:10,965:WARNING:root:Expecting value: line 2 column 1 (char 1)
2023-04-28 15:00:11,327:WARNING:django.request:Bad Request: /clear/cache
2023-04-28 15:00:13,079:INFO:configs.middlewares.auth:request received for endpoint /advertisements/
2023-04-28 15:00:22,092:INFO:configs.middlewares.auth:request received for endpoint /clear/cache
2023-04-28 15:00:23,198:WARNING:root:
<!doctype html>
<html lang="en">
<head>
  <title>Not Found</title>
</head>
<body>
  <h1>Not Found</h1><p>The requested resource was not found on this server.</p>
</body>
</html>

2023-04-28 15:00:23,198:WARNING:root:Expecting value: line 2 column 1 (char 1)
2023-04-28 15:00:23,542:WARNING:django.request:Bad Request: /clear/cache
2023-04-28 15:00:35,074:INFO:django.utils.autoreload:/media/nelson/Apacer PHD/projects/centro/sistema_egresados/configuration/urls.py changed, reloading.
2023-04-28 15:00:39,570:INFO:django.utils.autoreload:/media/nelson/Apacer PHD/projects/centro/sistema_egresados/configuration/urls.py changed, reloading.
2023-04-28 15:00:59,369:INFO:configs.middlewares.auth:request received for endpoint /clear/cache
2023-04-28 15:01:00,764:WARNING:root:
<!doctype html>
<html lang="en">
<head>
  <title>Not Found</title>
</head>
<body>
  <h1>Not Found</h1><p>The requested resource was not found on this server.</p>
</body>
</html>

2023-04-28 15:01:00,764:WARNING:root:Expecting value: line 2 column 1 (char 1)
2023-04-28 15:01:01,115:WARNING:django.request:Bad Request: /clear/cache
2023-04-28 15:01:11,068:INFO:django.utils.autoreload:/media/nelson/Apacer PHD/projects/centro/sistema_egresados/configs/middlewares/view_responses.py changed, reloading.
2023-04-28 15:01:15,890:INFO:configs.middlewares.auth:request received for endpoint /clear/cache
2023-04-28 15:01:16,868:WARNING:root:
<!doctype html>
<html lang="en">
<head>
  <title>Not Found</title>
</head>
<body>
  <h1>Not Found</h1><p>The requested resource was not found on this server.</p>
</body>
</html>

2023-04-28 15:01:16,869:WARNING:root:Expecting value: line 2 column 1 (char 1)
2023-04-28 15:01:17,221:WARNING:django.request:Bad Request: /clear/cache
2023-04-28 15:01:32,277:INFO:django.utils.autoreload:/media/nelson/Apacer PHD/projects/centro/sistema_egresados/configuration/urls.py changed, reloading.
2023-04-28 15:01:36,713:INFO:configs.middlewares.auth:request received for endpoint /clear/cache
2023-04-28 15:01:37,805:WARNING:root:Expecting value: line 1 column 1 (char 0)
2023-04-28 15:01:38,164:WARNING:django.request:Bad Request: /clear/cache
2023-04-28 15:02:02,689:INFO:django.utils.autoreload:/media/nelson/Apacer PHD/projects/centro/sistema_egresados/configuration/urls.py changed, reloading.
2023-04-28 15:02:06,730:INFO:configs.middlewares.auth:request received for endpoint /clear/cache
2023-04-28 15:02:07,839:WARNING:root:Expecting value: line 1 column 1 (char 0)
2023-04-28 15:02:08,192:WARNING:django.request:Bad Request: /clear/cache
2023-04-28 15:02:28,026:INFO:django.utils.autoreload:/media/nelson/Apacer PHD/projects/centro/sistema_egresados/configuration/urls.py changed, reloading.
2023-04-28 15:02:38,940:INFO:django.utils.autoreload:/media/nelson/Apacer PHD/projects/centro/sistema_egresados/configuration/urls.py changed, reloading.
2023-04-28 15:02:44,479:INFO:configs.middlewares.auth:request received for endpoint /clear/cache
2023-04-28 15:02:45,526:WARNING:root:Expecting value: line 1 column 1 (char 0)
2023-04-28 15:02:45,876:WARNING:django.request:Bad Request: /clear/cache
2023-04-28 15:02:55,498:INFO:configs.middlewares.auth:request received for endpoint /advertisements/
2023-04-28 15:03:05,030:INFO:configs.middlewares.auth:request received for endpoint /advertisements/delete/3/
2023-04-28 15:03:08,934:INFO:configs.middlewares.auth:request received for endpoint /clear/cache
2023-04-28 15:03:09,900:WARNING:root:Expecting value: line 1 column 1 (char 0)
2023-04-28 15:03:10,268:WARNING:django.request:Bad Request: /clear/cache
2023-04-28 15:03:11,587:INFO:configs.middlewares.auth:request received for endpoint /advertisements/
2023-04-28 15:04:05,291:INFO:django.utils.autoreload:/media/nelson/Apacer PHD/projects/centro/sistema_egresados/configuration/urls.py changed, reloading.
2023-04-28 15:04:10,543:INFO:configs.middlewares.auth:request received for endpoint /clear/cache
2023-04-28 15:04:11,622:WARNING:root:Expecting value: line 1 column 1 (char 0)
2023-04-28 15:04:11,978:WARNING:django.request:Bad Request: /clear/cache
2023-04-28 15:06:44,681:INFO:django.utils.autoreload:/media/nelson/Apacer PHD/projects/centro/sistema_egresados/configs/middlewares/view_responses.py changed, reloading.
2023-04-28 15:06:48,280:INFO:configs.middlewares.auth:request received for endpoint /clear/cache
2023-04-28 15:06:49,346:WARNING:root:Expecting value: line 1 column 1 (char 0)
2023-04-28 15:06:49,696:WARNING:django.request:Bad Request: /clear/cache
2023-04-28 15:06:55,309:INFO:django.utils.autoreload:/media/nelson/Apacer PHD/projects/centro/sistema_egresados/configs/middlewares/view_responses.py changed, reloading.
2023-04-28 15:07:08,047:INFO:django.utils.autoreload:/media/nelson/Apacer PHD/projects/centro/sistema_egresados/configs/middlewares/view_responses.py changed, reloading.
2023-04-28 15:07:11,789:INFO:configs.middlewares.auth:request received for endpoint /clear/cache
2023-04-28 15:07:12,853:WARNING:root:Expecting value: line 1 column 1 (char 0)
2023-04-28 15:07:13,212:WARNING:django.request:Bad Request: /clear/cache
2023-04-28 15:07:17,494:INFO:django.utils.autoreload:/media/nelson/Apacer PHD/projects/centro/sistema_egresados/configs/middlewares/view_responses.py changed, reloading.
2023-04-28 15:07:41,600:INFO:django.utils.autoreload:/media/nelson/Apacer PHD/projects/centro/sistema_egresados/configs/middlewares/view_responses.py changed, reloading.
2023-04-28 15:07:45,239:INFO:configs.middlewares.auth:request received for endpoint /clear/cache
2023-04-28 15:07:46,346:WARNING:root:Expecting value: line 1 column 1 (char 0)
2023-04-28 15:07:46,698:WARNING:django.request:Bad Request: /clear/cache
2023-04-28 15:07:53,333:INFO:django.utils.autoreload:/media/nelson/Apacer PHD/projects/centro/sistema_egresados/configs/middlewares/view_responses.py changed, reloading.
2023-04-28 15:07:56,785:INFO:configs.middlewares.auth:request received for endpoint /clear/cache
2023-04-28 15:07:57,843:WARNING:root:Expecting value: line 1 column 1 (char 0)
2023-04-28 15:07:58,194:WARNING:django.request:Bad Request: /clear/cache
2023-04-28 15:08:06,963:INFO:django.utils.autoreload:/media/nelson/Apacer PHD/projects/centro/sistema_egresados/configs/middlewares/view_responses.py changed, reloading.
2023-04-28 15:08:10,651:INFO:configs.middlewares.auth:request received for endpoint /clear/cache
2023-04-28 15:08:11,710:WARNING:root:Expecting value: line 1 column 1 (char 0)
2023-04-28 15:08:12,059:WARNING:django.request:Bad Request: /clear/cache
2023-04-28 15:08:17,574:INFO:django.utils.autoreload:/media/nelson/Apacer PHD/projects/centro/sistema_egresados/configs/middlewares/view_responses.py changed, reloading.
2023-04-28 15:08:45,655:INFO:configs.middlewares.auth:request received for endpoint /clear/cache
2023-04-28 15:08:46,899:WARNING:root:Expecting value: line 1 column 1 (char 0)
2023-04-28 15:08:47,245:WARNING:django.request:Bad Request: /clear/cache
2023-04-28 15:08:58,077:INFO:django.utils.autoreload:/media/nelson/Apacer PHD/projects/centro/sistema_egresados/configs/middlewares/view_responses.py changed, reloading.
2023-04-28 15:09:01,867:INFO:configs.middlewares.auth:request received for endpoint /clear/cache
2023-04-28 15:09:02,917:WARNING:root:Expecting value: line 1 column 1 (char 0)
2023-04-28 15:09:03,267:WARNING:django.request:Bad Request: /clear/cache
2023-04-28 15:09:35,377:INFO:django.utils.autoreload:/media/nelson/Apacer PHD/projects/centro/sistema_egresados/configs/middlewares/view_responses.py changed, reloading.
2023-04-28 15:09:39,213:INFO:configs.middlewares.auth:request received for endpoint /clear/cache
2023-04-28 15:09:40,283:WARNING:root:Expecting value: line 1 column 1 (char 0)
2023-04-28 15:09:40,626:WARNING:django.request:Bad Request: /clear/cache
2023-04-28 15:10:21,378:INFO:django.utils.autoreload:/media/nelson/Apacer PHD/projects/centro/sistema_egresados/configs/helpers/create_response.py changed, reloading.
2023-04-28 15:10:25,036:INFO:configs.middlewares.auth:request received for endpoint /clear/cache
2023-04-28 15:10:26,112:WARNING:root:Expecting value: line 1 column 1 (char 0)
2023-04-28 15:10:26,458:WARNING:django.request:Bad Request: /clear/cache
2023-04-28 15:10:35,123:INFO:django.utils.autoreload:/media/nelson/Apacer PHD/projects/centro/sistema_egresados/configs/middlewares/view_responses.py changed, reloading.
2023-04-28 15:10:38,813:INFO:configs.middlewares.auth:request received for endpoint /clear/cache
2023-04-28 15:10:46,704:INFO:django.utils.autoreload:/media/nelson/Apacer PHD/projects/centro/sistema_egresados/configs/middlewares/view_responses.py changed, reloading.
2023-04-28 15:10:52,844:INFO:configs.middlewares.auth:request received for endpoint /clear/cache
2023-04-28 15:11:09,340:INFO:django.utils.autoreload:/media/nelson/Apacer PHD/projects/centro/sistema_egresados/configs/middlewares/view_responses.py changed, reloading.
2023-04-28 15:11:13,610:INFO:configs.middlewares.auth:request received for endpoint /clear/cache
2023-04-28 15:11:14,670:WARNING:root:Expecting value: line 1 column 1 (char 0)
2023-04-28 15:11:15,025:WARNING:django.request:Bad Request: /clear/cache
2023-04-28 15:11:59,110:INFO:django.utils.autoreload:/media/nelson/Apacer PHD/projects/centro/sistema_egresados/configs/middlewares/view_responses.py changed, reloading.
2023-04-28 15:12:03,047:INFO:configs.middlewares.auth:request received for endpoint /clear/cache
2023-04-28 15:12:04,118:WARNING:root:The response content must be rendered before it can be iterated over.
2023-04-28 15:12:04,459:WARNING:django.request:Bad Request: /clear/cache
2023-04-28 15:12:18,357:INFO:django.utils.autoreload:/media/nelson/Apacer PHD/projects/centro/sistema_egresados/configs/middlewares/view_responses.py changed, reloading.
2023-04-28 15:12:29,737:INFO:django.utils.autoreload:/media/nelson/Apacer PHD/projects/centro/sistema_egresados/configs/middlewares/view_responses.py changed, reloading.
2023-04-28 15:12:55,117:INFO:configs.middlewares.auth:request received for endpoint /clear/cache
2023-04-28 15:12:56,354:WARNING:root:The response content must be rendered before it can be iterated over.
2023-04-28 15:12:56,703:WARNING:django.request:Bad Request: /clear/cache
2023-04-28 15:13:09,112:INFO:django.utils.autoreload:/media/nelson/Apacer PHD/projects/centro/sistema_egresados/configs/middlewares/view_responses.py changed, reloading.
2023-04-28 15:13:12,601:INFO:configs.middlewares.auth:request received for endpoint /clear/cache
2023-04-28 15:13:59,235:INFO:django.utils.autoreload:/media/nelson/Apacer PHD/projects/centro/sistema_egresados/configs/middlewares/view_responses.py changed, reloading.
2023-04-28 15:14:18,279:INFO:django.utils.autoreload:/media/nelson/Apacer PHD/projects/centro/sistema_egresados/configs/middlewares/view_responses.py changed, reloading.
2023-04-28 15:14:22,083:INFO:configs.middlewares.auth:request received for endpoint /clear/cache
2023-04-28 15:14:23,164:WARNING:root:The response content must be rendered before it can be iterated over.
2023-04-28 15:14:23,513:WARNING:django.request:Bad Request: /clear/cache
2023-04-28 15:15:34,245:INFO:django.utils.autoreload:/media/nelson/Apacer PHD/projects/centro/sistema_egresados/configs/middlewares/view_responses.py changed, reloading.
2023-04-28 15:15:38,205:INFO:configs.middlewares.auth:request received for endpoint /clear/cache
2023-04-28 15:16:23,413:INFO:django.utils.autoreload:/media/nelson/Apacer PHD/projects/centro/sistema_egresados/configs/middlewares/view_responses.py changed, reloading.
2023-04-28 15:16:27,031:INFO:configs.middlewares.auth:request received for endpoint /clear/cache
2023-04-28 15:16:42,482:INFO:django.utils.autoreload:/media/nelson/Apacer PHD/projects/centro/sistema_egresados/configs/middlewares/view_responses.py changed, reloading.
2023-04-28 15:16:46,649:INFO:configs.middlewares.auth:request received for endpoint /clear/cache
2023-04-28 15:17:55,334:INFO:django.utils.autoreload:/media/nelson/Apacer PHD/projects/centro/sistema_egresados/configs/middlewares/view_responses.py changed, reloading.
2023-04-28 15:17:59,196:INFO:configs.middlewares.auth:request received for endpoint /clear/cache
2023-04-28 15:18:38,075:INFO:django.utils.autoreload:/media/nelson/Apacer PHD/projects/centro/sistema_egresados/configs/middlewares/view_responses.py changed, reloading.
2023-04-28 15:18:42,142:INFO:configs.middlewares.auth:request received for endpoint /clear/cache
2023-04-28 15:20:24,803:INFO:django.utils.autoreload:/media/nelson/Apacer PHD/projects/centro/sistema_egresados/configs/middlewares/view_responses.py changed, reloading.
2023-04-28 15:20:31,206:INFO:configs.middlewares.auth:request received for endpoint /advertisements/create/
2023-04-28 15:20:36,313:INFO:configs.middlewares.auth:request received for endpoint /advertisements/
2023-04-28 15:20:39,327:WARNING:root:The response content must be rendered before it can be iterated over.
2023-04-28 15:20:39,682:WARNING:django.request:Bad Request: /advertisements/
2023-04-28 15:20:50,834:INFO:django.utils.autoreload:/media/nelson/Apacer PHD/projects/centro/sistema_egresados/configs/middlewares/view_responses.py changed, reloading.
2023-04-28 15:20:54,390:INFO:configs.middlewares.auth:request received for endpoint /advertisements/
2023-04-28 15:20:55,575:WARNING:root:The response content must be rendered before it can be iterated over.
2023-04-28 15:20:55,930:WARNING:django.request:Bad Request: /advertisements/
2023-04-28 15:21:14,172:INFO:django.utils.autoreload:/media/nelson/Apacer PHD/projects/centro/sistema_egresados/configs/middlewares/view_responses.py changed, reloading.
2023-04-28 15:21:20,320:INFO:django.utils.autoreload:/media/nelson/Apacer PHD/projects/centro/sistema_egresados/configs/middlewares/view_responses.py changed, reloading.
2023-04-28 15:21:45,847:INFO:configs.middlewares.auth:request received for endpoint /advertisements/
2023-04-28 15:21:47,185:WARNING:root:The response content must be rendered before it can be iterated over.
2023-04-28 15:21:47,553:WARNING:django.request:Bad Request: /advertisements/
2023-04-28 15:21:54,360:INFO:django.utils.autoreload:/media/nelson/Apacer PHD/projects/centro/sistema_egresados/configs/middlewares/view_responses.py changed, reloading.
2023-04-28 15:21:59,894:INFO:configs.middlewares.auth:request received for endpoint /advertisements/
2023-04-28 15:22:26,581:INFO:django.utils.autoreload:/media/nelson/Apacer PHD/projects/centro/sistema_egresados/configs/middlewares/view_responses.py changed, reloading.
2023-04-28 15:22:30,341:INFO:configs.middlewares.auth:request received for endpoint /advertisements/
2023-04-28 15:22:31,505:WARNING:root:The response content must be rendered before it can be iterated over.
2023-04-28 15:22:31,858:WARNING:django.request:Bad Request: /advertisements/
2023-04-28 15:22:47,917:INFO:django.utils.autoreload:/media/nelson/Apacer PHD/projects/centro/sistema_egresados/configs/middlewares/view_responses.py changed, reloading.
2023-04-28 15:22:51,439:INFO:configs.middlewares.auth:request received for endpoint /advertisements/
2023-04-28 15:22:52,936:WARNING:root:The response content must be rendered before it can be iterated over.
2023-04-28 15:22:53,297:WARNING:django.request:Bad Request: /advertisements/
2023-04-28 15:23:54,736:INFO:django.utils.autoreload:/media/nelson/Apacer PHD/projects/centro/sistema_egresados/configs/helpers/create_response.py changed, reloading.
2023-04-28 15:23:58,415:INFO:configs.middlewares.auth:request received for endpoint /advertisements/
2023-04-28 15:24:13,054:INFO:configs.middlewares.auth:request received for endpoint /advertisements/delete/10/
2023-04-28 15:24:16,960:INFO:configs.middlewares.auth:request received for endpoint /advertisements/
2023-04-28 15:35:40,053:INFO:configs.middlewares.auth:request received for endpoint /eventos/tipos/
2023-04-28 15:35:40,145:INFO:configs.middlewares.auth:request received for endpoint /eventos/areas/
2023-04-28 15:35:47,596:INFO:configs.middlewares.auth:request received for endpoint /advertisements/capacitaciones/
2023-04-28 15:35:47,598:INFO:configs.middlewares.auth:request received for endpoint /advertisements/category/
2023-04-28 15:36:03,660:INFO:configs.middlewares.auth:request received for endpoint /advertisements/query/
2023-04-28 15:36:44,646:INFO:django.utils.autoreload:/media/nelson/Apacer PHD/projects/centro/sistema_egresados/configs/middlewares/view_responses.py changed, reloading.
2023-04-28 15:37:19,520:INFO:django.utils.autoreload:/media/nelson/Apacer PHD/projects/centro/sistema_egresados/apps/classified_advertisements/api/views/advertisement/views.py changed, reloading.
2023-04-28 15:37:49,256:INFO:django.utils.autoreload:/media/nelson/Apacer PHD/projects/centro/sistema_egresados/apps/classified_advertisements/api/serializers/advertissement/advertisement_serialziers.py changed, reloading.
2023-04-28 15:38:47,232:INFO:configs.middlewares.auth:request received for endpoint /advertisements/create/
2023-04-28 15:38:50,490:INFO:configs.middlewares.auth:request received for endpoint /advertisements/category/
2023-04-28 15:39:12,512:INFO:configs.middlewares.auth:request received for endpoint /advertisements/
2023-04-28 15:39:42,854:INFO:django.utils.autoreload:/media/nelson/Apacer PHD/projects/centro/sistema_egresados/apps/classified_advertisements/api/serializers/advertissement/advertisement_serialziers.py changed, reloading.
2023-04-28 15:39:53,204:INFO:django.utils.autoreload:/media/nelson/Apacer PHD/projects/centro/sistema_egresados/apps/classified_advertisements/api/serializers/advertissement/advertisement_serialziers.py changed, reloading.
2023-04-28 15:39:58,282:INFO:django.utils.autoreload:/media/nelson/Apacer PHD/projects/centro/sistema_egresados/apps/classified_advertisements/api/serializers/advertissement/advertisement_serialziers.py changed, reloading.
2023-04-28 15:40:09,433:INFO:configs.middlewares.auth:request received for endpoint /advertisements/query/
2023-04-28 15:40:33,451:INFO:configs.middlewares.auth:request received for endpoint /advertisements/create/
2023-04-28 15:40:34,524:WARNING:root:The response content must be rendered before it can be iterated over.
2023-04-28 15:40:34,525:WARNING:django.request:Bad Request: /advertisements/create/
2023-04-28 15:41:00,103:INFO:django.utils.autoreload:/media/nelson/Apacer PHD/projects/centro/sistema_egresados/apps/classified_advertisements/api/serializers/advertissement/advertisement_serialziers.py changed, reloading.
2023-04-28 15:41:09,387:INFO:configs.middlewares.auth:request received for endpoint /advertisements/create/
2023-04-28 15:41:10,620:WARNING:root:The response content must be rendered before it can be iterated over.
2023-04-28 15:41:10,621:WARNING:django.request:Bad Request: /advertisements/create/
2023-04-28 15:42:36,217:INFO:configs.middlewares.auth:request received for endpoint /advertisements/create/
2023-04-28 15:42:37,275:WARNING:root:The response content must be rendered before it can be iterated over.
2023-04-28 15:42:37,276:WARNING:django.request:Bad Request: /advertisements/create/
